<?xml version="1.0" encoding="UTF-8"?>
<testng-results ignored="0" total="1" passed="1" failed="0" skipped="0">
  <reporter-output>
  </reporter-output>
  <suite started-at="2023-01-05T00:11:51 EST" name="Default suite" finished-at="2023-01-05T00:12:13 EST" duration-ms="21460">
    <groups>
      <group name="cucumber">
        <method signature="AbstractTestNGCucumberTests.runScenario(io.cucumber.testng.PickleWrapper,io.cucumber.testng.FeatureWrapper)[pri:0, instance:Runner.Testrunner@4b741d6d]" name="runScenario" class="io.cucumber.testng.AbstractTestNGCucumberTests"/>
      </group> <!-- cucumber -->
    </groups>
    <test started-at="2023-01-05T00:11:51 EST" name="Default test" finished-at="2023-01-05T00:12:13 EST" duration-ms="21460">
      <class name="Runner.Testrunner">
        <test-method is-config="true" signature="setUpClass(org.testng.ITestContext)[pri:0, instance:Runner.Testrunner@4b741d6d]" started-at="2023-01-05T00:11:51 EST" name="setUpClass" finished-at="2023-01-05T00:11:52 EST" duration-ms="1027" status="PASS">
          <params>
            <param index="0">
              <value>
                <![CDATA[org.testng.TestRunner@273a5a8a]]>
              </value>
            </param>
          </params>
          <reporter-output>
          </reporter-output>
        </test-method> <!-- setUpClass -->
        <test-method signature="runScenario(io.cucumber.testng.PickleWrapper,io.cucumber.testng.FeatureWrapper)[pri:0, instance:Runner.Testrunner@4b741d6d]" started-at="2023-01-05T00:11:52 EST" name="runScenario" description="Runs Cucumber Scenarios" data-provider="scenarios" finished-at="2023-01-05T00:12:12 EST" duration-ms="20315" status="PASS">
          <params>
            <param index="0">
              <value>
                <![CDATA["A"]]>
              </value>
            </param>
            <param index="1">
              <value>
                <![CDATA["User has to order a book on Amazon"]]>
              </value>
            </param>
          </params>
          <reporter-output>
          </reporter-output>
        </test-method> <!-- runScenario -->
        <test-method is-config="true" signature="tearDownClass()[pri:0, instance:Runner.Testrunner@4b741d6d]" started-at="2023-01-05T00:12:12 EST" name="tearDownClass" finished-at="2023-01-05T00:12:13 EST" duration-ms="62" status="PASS">
          <reporter-output>
          </reporter-output>
        </test-method> <!-- tearDownClass -->
      </class> <!-- Runner.Testrunner -->
    </test> <!-- Default test -->
  </suite> <!-- Default suite -->
</testng-results>
