<?xml version="1.0" encoding="UTF-8"?>
<!-- Generated by org.testng.reporters.JUnitXMLReporter -->
<testsuite ignored="0" hostname="DESKTOP-RGL4EEL" failures="0" tests="3" name="Default test" time="0.122" errors="0" timestamp="2022-12-15T17:15:10 EST">
  <testcase classname="TestSuite1.Module1" name="test001" time="0.009"/>
  <testcase classname="TestSuite1.Module1" name="test002" time="0.002"/>
  <testcase classname="TestSuite1.Module1" name="test003" time="0.002"/>
</testsuite> <!-- Default test -->
