<?xml version="1.0" encoding="UTF-8"?>
<!-- Generated by org.testng.reporters.JUnitXMLReporter -->
<testsuite ignored="0" hostname="DESKTOP-RGL4EEL" failures="0" tests="3" name="Default test" time="4.689" errors="0" timestamp="2023-01-08T23:29:11 EST">
  <testcase classname="Tests.PutPatchDeleteExample" name="DeleteTest" time="3.294"/>
  <testcase classname="Tests.PutPatchDeleteExample" name="PatchTest" time="0.83"/>
  <testcase classname="Tests.PutPatchDeleteExample" name="PutTest" time="0.477"/>
</testsuite> <!-- Default test -->
