<?xml version="1.0" encoding="UTF-8"?>
<!-- Generated by org.testng.reporters.JUnitXMLReporter -->
<testsuite ignored="3" hostname="DESKTOP-RGL4EEL" failures="0" tests="3" name="Sanity" time="0.068" errors="0" timestamp="2022-12-19T14:30:56 EST">
  <testcase classname="TestSuite1.Module1" name="test001" time="0.006"/>
  <testcase classname="TestSuite1.Module2" name="test002" time="0.001"/>
  <testcase classname="TestSuite1.Module2" name="test003" time="0.001"/>
  <testcase classname="TestSuite1.Module2" name="test001" time="0.0">
    <ignored/>
  </testcase> <!-- test001 -->
  <testcase classname="TestSuite1.Module1" name="test003" time="0.0">
    <ignored/>
  </testcase> <!-- test003 -->
  <testcase classname="TestSuite1.Module1" name="test002" time="0.0">
    <ignored/>
  </testcase> <!-- test002 -->
</testsuite> <!-- Sanity -->
