<?xml version="1.0" encoding="UTF-8"?>
<testng-results ignored="0" total="1" passed="1" failed="0" skipped="0">
  <reporter-output>
  </reporter-output>
  <suite started-at="2023-01-15T01:16:14 EST" name="Default suite" finished-at="2023-01-15T01:16:16 EST" duration-ms="2058">
    <groups>
    </groups>
    <test started-at="2023-01-15T01:16:14 EST" name="Default test" finished-at="2023-01-15T01:16:16 EST" duration-ms="2058">
      <class name="Tests.GetPostExample">
        <test-method signature="GetTest()[pri:0, instance:Tests.GetPostExample@73700b80]" started-at="2023-01-15T01:16:14 EST" name="GetTest" finished-at="2023-01-15T01:16:16 EST" duration-ms="2010" status="PASS">
          <reporter-output>
          </reporter-output>
        </test-method> <!-- GetTest -->
      </class> <!-- Tests.GetPostExample -->
    </test> <!-- Default test -->
  </suite> <!-- Default suite -->
</testng-results>
