<?xml version="1.0" encoding="UTF-8"?>
<testng-results ignored="0" total="3" passed="3" failed="0" skipped="0">
  <reporter-output>
  </reporter-output>
  <suite started-at="2023-01-08T23:29:06 EST" name="Default suite" finished-at="2023-01-08T23:29:11 EST" duration-ms="4689">
    <groups>
    </groups>
    <test started-at="2023-01-08T23:29:06 EST" name="Default test" finished-at="2023-01-08T23:29:11 EST" duration-ms="4689">
      <class name="Tests.PutPatchDeleteExample">
        <test-method signature="DeleteTest()[pri:0, instance:Tests.PutPatchDeleteExample@10d307f1]" started-at="2023-01-08T23:29:07 EST" name="DeleteTest" finished-at="2023-01-08T23:29:10 EST" duration-ms="3294" status="PASS">
          <reporter-output>
          </reporter-output>
        </test-method> <!-- DeleteTest -->
        <test-method signature="PatchTest()[pri:0, instance:Tests.PutPatchDeleteExample@10d307f1]" started-at="2023-01-08T23:29:10 EST" name="PatchTest" finished-at="2023-01-08T23:29:11 EST" duration-ms="830" status="PASS">
          <reporter-output>
          </reporter-output>
        </test-method> <!-- PatchTest -->
        <test-method signature="PutTest()[pri:0, instance:Tests.PutPatchDeleteExample@10d307f1]" started-at="2023-01-08T23:29:11 EST" name="PutTest" finished-at="2023-01-08T23:29:11 EST" duration-ms="477" status="PASS">
          <reporter-output>
          </reporter-output>
        </test-method> <!-- PutTest -->
      </class> <!-- Tests.PutPatchDeleteExample -->
    </test> <!-- Default test -->
  </suite> <!-- Default suite -->
</testng-results>
