<?xml version="1.0" encoding="UTF-8"?>
<!-- Generated by org.testng.reporters.JUnitXMLReporter -->
<testsuite ignored="7" hostname="DESKTOP-RGL4EEL" failures="0" tests="1" name="Test" time="0.048" errors="0" timestamp="2022-12-17T14:31:23 EST">
  <testcase classname="testngAnnotations.AnnotationImplements" name="testparameter" time="0.007"/>
  <testcase classname="testngAnnotations.AnnotationImplements" name="test4" time="0.0">
    <ignored/>
  </testcase> <!-- test4 -->
  <testcase classname="testngAnnotations.AnnotationImplements" name="test3" time="0.0">
    <ignored/>
  </testcase> <!-- test3 -->
  <testcase classname="testngAnnotations.AnnotationImplements" name="Test1" time="0.0">
    <ignored/>
  </testcase> <!-- Test1 -->
  <testcase classname="testngAnnotations.AnnotationImplements" name="Assert" time="0.0">
    <ignored/>
  </testcase> <!-- Assert -->
  <testcase classname="testngAnnotations.AnnotationImplements" name="test" time="0.0">
    <ignored/>
  </testcase> <!-- test -->
  <testcase classname="testngAnnotations.AnnotationImplements" name="Reporter" time="0.0">
    <ignored/>
  </testcase> <!-- Reporter -->
  <testcase classname="testngAnnotations.AnnotationImplements" name="test2" time="0.0">
    <ignored/>
  </testcase> <!-- test2 -->
</testsuite> <!-- Test -->
