<?xml version="1.0" encoding="UTF-8"?>
<testng-results ignored="3" total="6" passed="3" failed="0" skipped="0">
  <reporter-output>
  </reporter-output>
  <suite started-at="2022-12-19T14:30:56 EST" name="TestSuite1" finished-at="2022-12-19T14:30:56 EST" duration-ms="68">
    <groups>
    </groups>
    <test started-at="2022-12-19T14:30:56 EST" name="Sanity" finished-at="2022-12-19T14:30:56 EST" duration-ms="68">
      <class name="TestSuite1.Module1">
        <test-method is-config="true" signature="beforemethod()[pri:0, instance:TestSuite1.Module1@1af2d44a]" started-at="2022-12-19T14:30:56 EST" name="beforemethod" finished-at="2022-12-19T14:30:56 EST" duration-ms="5" status="PASS">
          <reporter-output>
          </reporter-output>
        </test-method> <!-- beforemethod -->
        <test-method signature="test001()[pri:0, instance:TestSuite1.Module1@1af2d44a]" started-at="2022-12-19T14:30:56 EST" name="test001" finished-at="2022-12-19T14:30:56 EST" duration-ms="6" status="PASS">
          <reporter-output>
          </reporter-output>
        </test-method> <!-- test001 -->
        <test-method is-config="true" signature="aftermethod()[pri:0, instance:TestSuite1.Module1@1af2d44a]" started-at="2022-12-19T14:30:56 EST" name="aftermethod" finished-at="2022-12-19T14:30:56 EST" duration-ms="1" status="PASS">
          <reporter-output>
          </reporter-output>
        </test-method> <!-- aftermethod -->
      </class> <!-- TestSuite1.Module1 -->
      <class name="TestSuite1.Module2">
        <test-method signature="test002()[pri:0, instance:TestSuite1.Module2@659499f1]" started-at="2022-12-19T14:30:56 EST" name="test002" finished-at="2022-12-19T14:30:56 EST" duration-ms="1" status="PASS">
          <reporter-output>
          </reporter-output>
        </test-method> <!-- test002 -->
        <test-method signature="test003()[pri:0, instance:TestSuite1.Module2@659499f1]" started-at="2022-12-19T14:30:56 EST" name="test003" finished-at="2022-12-19T14:30:56 EST" duration-ms="1" status="PASS">
          <reporter-output>
          </reporter-output>
        </test-method> <!-- test003 -->
      </class> <!-- TestSuite1.Module2 -->
    </test> <!-- Sanity -->
  </suite> <!-- TestSuite1 -->
</testng-results>
